<?xml version="1.0" encoding="UTF-8"?>
<!-- Generated by org.testng.reporters.JUnitReportReporter -->
<testsuite hostname="LAPTOP-965NCTD2" failures="0" tests="1" name="runners.Smoketest" time="8.465" errors="0" timestamp="11 Nov 2023 17:20:26 GMT" skipped="0">
  <testcase classname="runners.Smoketest" name="runScenario" time="8.465"/>
</testsuite> <!-- runners.Smoketest -->
