<?xml version="1.0" encoding="UTF-8"?>
<!-- Generated by org.testng.reporters.JUnitReportReporter -->
<testsuite hostname="LAPTOP-965NCTD2" failures="0" tests="1" name="runners.Smoketest" time="9.369" errors="0" timestamp="30 Oct 2023 18:48:58 GMT" skipped="0">
  <testcase classname="runners.Smoketest" name="runScenario" time="9.369"/>
</testsuite> <!-- runners.Smoketest -->
